2019-03-27 15:50:42,778 - root - INFO - ############################### START ###############################
2019-03-27 15:51:38,427 - root - INFO - ############################### START ###############################
2019-03-27 15:51:45,379 - root - INFO - ############################### START ###############################
2019-03-27 16:01:22,491 - root - INFO - ############################### START ###############################
2019-03-27 16:01:48,694 - root - INFO - ############################### START ###############################
2019-03-27 16:05:12,899 - root - INFO - ############################### START ###############################
2019-03-27 16:05:12,918 - root - INFO - ############################### START ###############################
2019-03-27 16:05:44,465 - root - INFO - ############################### START ###############################
2019-03-27 16:05:44,494 - root - INFO - ############################### START ###############################
2019-03-27 16:06:26,016 - root - INFO - ############################### START ###############################
2019-03-27 16:07:15,951 - root - INFO - ############################### START ###############################
2019-03-27 16:08:54,535 - root - INFO - ############################### START ###############################
2019-03-27 16:29:17,410 - root - INFO - ############################### START ###############################
2019-03-27 16:43:44,188 - root - INFO - ############################### START ###############################
2019-03-27 16:44:15,828 - root - INFO - ############################### START ###############################
2019-03-27 16:44:41,429 - root - INFO - SUCCESS    Start a new browser: firefox, Spend 25.600464344024658 seconds
2019-03-27 16:44:44,947 - root - INFO - SUCCESS    Set browser window maximized, Spend 3.5162007808685303 seconds
2019-03-27 16:44:45,792 - root - INFO - SUCCESS    Navigated to http://www.baidu.com, Spend 0.844048261642456 seconds
2019-03-27 16:44:45,995 - root - INFO - SUCCESS    Clear and type element: <id->kw> content: 小石头tester, Spend 0.2020113468170166 seconds
2019-03-27 16:44:46,295 - root - INFO - SUCCESS    Clicked element: <id->su>, Spend 0.3000171184539795 seconds
2019-03-27 16:44:48,303 - root - INFO - SUCCESS    Get current window title, Spend 0.007000446319580078 seconds
2019-03-27 16:44:48,540 - root - INFO - SUCCESS    Closed all window and quit the driver, Spend 0.23501348495483398 seconds
2019-03-27 16:44:48,541 - root - INFO - ###############################  End  ###############################
2019-03-27 16:46:35,207 - root - INFO - ############################### START ###############################
2019-03-27 16:46:41,982 - root - INFO - SUCCESS    Start a new browser: firefox, Spend 6.7723870277404785 seconds
2019-03-27 16:46:45,500 - root - INFO - SUCCESS    Set browser window maximized, Spend 3.5162012577056885 seconds
2019-03-27 16:47:53,389 - root - INFO - SUCCESS    Navigated to http://www.baidu.com, Spend 0.7920451164245605 seconds
2019-03-27 16:48:13,575 - root - INFO - SUCCESS    Clear and type element: <id->kw> content: 小石头tester, Spend 0.22301292419433594 seconds
2019-03-27 16:48:24,759 - root - INFO - SUCCESS    Clicked element: <id->su>, Spend 0.28801631927490234 seconds
